{"contracts/Context.sol":{"l":{"17":6,"21":0,"22":0},"path":"/Users/mac/Desktop/blockchain-projects/bestvictor/moonray-nft-marketplace/audited_smart_contracts/moonray-smartcontract/moonray-exchange/contracts/Context.sol","s":{"1":6,"2":0},"b":{},"f":{"1":6,"2":0},"fnMap":{"1":{"name":"_msgSender","line":16,"loc":{"start":{"line":16,"column":4},"end":{"line":18,"column":4}}},"2":{"name":"_msgData","line":20,"loc":{"start":{"line":20,"column":4},"end":{"line":23,"column":4}}}},"statementMap":{"1":{"start":{"line":17,"column":8},"end":{"line":17,"column":25}},"2":{"start":{"line":22,"column":8},"end":{"line":22,"column":23}}},"branchMap":{}},"contracts/ERC721Validator.sol":{"l":{"12":0},"path":"/Users/mac/Desktop/blockchain-projects/bestvictor/moonray-nft-marketplace/audited_smart_contracts/moonray-smartcontract/moonray-exchange/contracts/ERC721Validator.sol","s":{"1":0},"b":{},"f":{"1":0},"fnMap":{"1":{"name":"_requireERC721","line":5,"loc":{"start":{"line":5,"column":4},"end":{"line":13,"column":2}}}},"statementMap":{"1":{"start":{"line":12,"column":4},"end":{"line":12,"column":31}}},"branchMap":{}},"contracts/IERC165.sol":{"l":{},"path":"/Users/mac/Desktop/blockchain-projects/bestvictor/moonray-nft-marketplace/audited_smart_contracts/moonray-smartcontract/moonray-exchange/contracts/IERC165.sol","s":{},"b":{},"f":{},"fnMap":{},"statementMap":{},"branchMap":{}},"contracts/IERC20.sol":{"l":{},"path":"/Users/mac/Desktop/blockchain-projects/bestvictor/moonray-nft-marketplace/audited_smart_contracts/moonray-smartcontract/moonray-exchange/contracts/IERC20.sol","s":{},"b":{},"f":{},"fnMap":{},"statementMap":{},"branchMap":{}},"contracts/IERC721.sol":{"l":{},"path":"/Users/mac/Desktop/blockchain-projects/bestvictor/moonray-nft-marketplace/audited_smart_contracts/moonray-smartcontract/moonray-exchange/contracts/IERC721.sol","s":{},"b":{},"f":{},"fnMap":{},"statementMap":{},"branchMap":{}},"contracts/IERC721Receiver.sol":{"l":{},"path":"/Users/mac/Desktop/blockchain-projects/bestvictor/moonray-nft-marketplace/audited_smart_contracts/moonray-smartcontract/moonray-exchange/contracts/IERC721Receiver.sol","s":{},"b":{},"f":{},"fnMap":{},"statementMap":{},"branchMap":{}},"contracts/IMoonrayReverseExchange.sol":{"l":{},"path":"/Users/mac/Desktop/blockchain-projects/bestvictor/moonray-nft-marketplace/audited_smart_contracts/moonray-smartcontract/moonray-exchange/contracts/IMoonrayReverseExchange.sol","s":{},"b":{},"f":{},"fnMap":{},"statementMap":{},"branchMap":{}},"contracts/ImoonrayExchange.sol":{"l":{},"path":"/Users/mac/Desktop/blockchain-projects/bestvictor/moonray-nft-marketplace/audited_smart_contracts/moonray-smartcontract/moonray-exchange/contracts/ImoonrayExchange.sol","s":{},"b":{},"f":{},"fnMap":{},"statementMap":{},"branchMap":{}},"contracts/ImoonrayExchangeMultiple.sol":{"l":{},"path":"/Users/mac/Desktop/blockchain-projects/bestvictor/moonray-nft-marketplace/audited_smart_contracts/moonray-smartcontract/moonray-exchange/contracts/ImoonrayExchangeMultiple.sol","s":{},"b":{},"f":{},"fnMap":{},"statementMap":{},"branchMap":{}},"contracts/Ownable.sol":{"l":{"27":6,"28":6,"29":6,"36":0,"43":0,"44":0,"55":0,"56":0,"64":0,"65":0,"66":0},"path":"/Users/mac/Desktop/blockchain-projects/bestvictor/moonray-nft-marketplace/audited_smart_contracts/moonray-smartcontract/moonray-exchange/contracts/Ownable.sol","s":{"1":6,"2":6,"3":6,"4":0,"5":0,"6":0,"7":0,"8":0,"9":0,"10":0},"b":{"1":[0,0],"2":[0,0]},"f":{"1":6,"2":0,"3":0,"4":0,"5":0},"fnMap":{"1":{"name":"constructor","line":26,"loc":{"start":{"line":26,"column":4},"end":{"line":30,"column":4}}},"2":{"name":"owner","line":35,"loc":{"start":{"line":35,"column":4},"end":{"line":37,"column":4}}},"3":{"name":"onlyOwner","line":42,"loc":{"start":{"line":42,"column":4},"end":{"line":45,"column":4}}},"4":{"name":"renounceOwnership","line":54,"loc":{"start":{"line":54,"column":4},"end":{"line":57,"column":4}}},"5":{"name":"transferOwnership","line":63,"loc":{"start":{"line":63,"column":4},"end":{"line":67,"column":4}}}},"statementMap":{"1":{"start":{"line":27,"column":8},"end":{"line":27,"column":40}},"2":{"start":{"line":28,"column":8},"end":{"line":28,"column":25}},"3":{"start":{"line":29,"column":8},"end":{"line":29,"column":56}},"4":{"start":{"line":36,"column":8},"end":{"line":36,"column":21}},"5":{"start":{"line":43,"column":8},"end":{"line":43,"column":75}},"6":{"start":{"line":55,"column":8},"end":{"line":55,"column":53}},"7":{"start":{"line":56,"column":8},"end":{"line":56,"column":26}},"8":{"start":{"line":64,"column":8},"end":{"line":64,"column":80}},"9":{"start":{"line":65,"column":8},"end":{"line":65,"column":51}},"10":{"start":{"line":66,"column":8},"end":{"line":66,"column":24}}},"branchMap":{"1":{"line":43,"type":"if","locations":[{"start":{"line":43,"column":8},"end":{"line":43,"column":8}},{"start":{"line":43,"column":8},"end":{"line":43,"column":8}}]},"2":{"line":64,"type":"if","locations":[{"start":{"line":64,"column":8},"end":{"line":64,"column":8}},{"start":{"line":64,"column":8},"end":{"line":64,"column":8}}]}}},"contracts/SafeMath.sol":{"l":{"8":0,"9":0,"11":0,"12":0,"13":0,"17":0,"21":0,"22":0,"26":0,"27":0,"28":0},"path":"/Users/mac/Desktop/blockchain-projects/bestvictor/moonray-nft-marketplace/audited_smart_contracts/moonray-smartcontract/moonray-exchange/contracts/SafeMath.sol","s":{"1":0,"2":0,"3":0,"4":0,"5":0,"6":0,"7":0,"8":0,"9":0,"10":0,"11":0},"b":{"1":[0,0]},"f":{"1":0,"2":0,"3":0,"4":0},"fnMap":{"1":{"name":"mul","line":7,"loc":{"start":{"line":7,"column":2},"end":{"line":14,"column":2}}},"2":{"name":"div","line":16,"loc":{"start":{"line":16,"column":2},"end":{"line":18,"column":2}}},"3":{"name":"sub","line":20,"loc":{"start":{"line":20,"column":2},"end":{"line":23,"column":2}}},"4":{"name":"add","line":25,"loc":{"start":{"line":25,"column":2},"end":{"line":29,"column":2}}}},"statementMap":{"1":{"start":{"line":8,"column":4},"end":{"line":8,"column":316}},"2":{"start":{"line":9,"column":6},"end":{"line":9,"column":14}},"3":{"start":{"line":11,"column":4},"end":{"line":11,"column":12}},"4":{"start":{"line":12,"column":4},"end":{"line":12,"column":21}},"5":{"start":{"line":13,"column":4},"end":{"line":13,"column":12}},"6":{"start":{"line":17,"column":4},"end":{"line":17,"column":16}},"7":{"start":{"line":21,"column":4},"end":{"line":21,"column":17}},"8":{"start":{"line":22,"column":4},"end":{"line":22,"column":16}},"9":{"start":{"line":26,"column":4},"end":{"line":26,"column":12}},"10":{"start":{"line":27,"column":4},"end":{"line":27,"column":17}},"11":{"start":{"line":28,"column":4},"end":{"line":28,"column":12}}},"branchMap":{"1":{"line":8,"type":"if","locations":[{"start":{"line":8,"column":4},"end":{"line":8,"column":4}},{"start":{"line":8,"column":4},"end":{"line":8,"column":4}}]}}},"contracts/MoonrayExchange.sol":{"l":{"16":3,"17":3,"18":3,"19":3,"20":3,"36":0,"37":0,"38":0,"39":0,"41":0,"51":0,"64":0,"65":0,"66":0,"69":0,"70":0,"71":0,"74":0,"75":0,"76":0,"77":0,"78":0,"80":0,"82":0,"85":0,"86":0,"87":0,"90":0,"91":0,"92":0,"95":0,"96":0,"97":0,"100":0,"101":0,"102":0,"103":0,"104":0,"105":0,"108":0,"109":0,"110":0,"111":0,"112":0,"113":0,"114":0,"115":0,"116":0,"117":0,"128":0,"134":0,"135":0,"146":0,"148":0,"149":0,"152":0,"153":0,"154":0,"155":0,"157":0,"168":0,"176":0,"191":0,"192":0,"193":0,"194":0,"195":0,"196":0,"205":0,"207":0,"210":0,"211":0,"213":0,"214":0,"217":0,"219":0,"220":0,"222":0,"223":0,"225":0,"227":0,"229":0,"232":0},"path":"/Users/mac/Desktop/blockchain-projects/bestvictor/moonray-nft-marketplace/audited_smart_contracts/moonray-smartcontract/moonray-exchange/contracts/MoonrayExchange.sol","s":{"1":3,"2":3,"3":3,"4":3,"5":3,"6":0,"7":0,"8":0,"9":0,"10":0,"11":0,"12":0,"13":0,"14":0,"15":0,"16":0,"17":0,"18":0,"19":0,"20":0,"21":0,"22":0,"23":0,"24":0,"25":0,"26":0,"27":0,"28":0,"29":0,"30":0,"31":0,"32":0,"33":0,"34":0,"35":0,"36":0,"37":0,"38":0,"39":0,"40":0,"41":0,"42":0,"43":0,"44":0,"45":0,"46":0,"47":0,"48":0,"49":0,"50":0,"51":0,"52":0,"53":0,"54":0,"55":0,"56":0,"57":0,"58":0,"59":0,"60":0,"61":0,"62":0,"63":0,"64":0,"65":0,"66":0,"67":0,"68":0,"69":0,"70":0,"71":0,"72":0,"73":0,"74":0,"75":0,"76":0,"77":0,"78":0,"79":0,"80":0},"b":{"1":[0,0],"2":[0,0],"3":[0,0],"4":[0,0],"5":[0,0],"6":[0,0],"7":[0,0],"8":[0,0],"9":[0,0],"10":[0,0],"11":[0,0],"12":[0,0],"13":[0,0],"14":[0,0],"15":[0,0],"16":[0,0],"17":[0,0],"18":[0,0],"19":[0,0]},"f":{"1":3,"2":0,"3":0,"4":0,"5":0,"6":0,"7":0,"8":0,"9":0,"10":0,"11":0,"12":0,"13":0,"14":0,"15":0},"fnMap":{"1":{"name":"constructor","line":15,"loc":{"start":{"line":15,"column":4},"end":{"line":21,"column":4}}},"2":{"name":"addOffer","line":22,"loc":{"start":{"line":22,"column":4},"end":{"line":67,"column":4}}},"3":{"name":"setOfferPrice","line":68,"loc":{"start":{"line":68,"column":4},"end":{"line":72,"column":4}}},"4":{"name":"setForSell","line":73,"loc":{"start":{"line":73,"column":4},"end":{"line":83,"column":4}}},"5":{"name":"setForAuction","line":84,"loc":{"start":{"line":84,"column":4},"end":{"line":88,"column":4}}},"6":{"name":"setExpiresAt","line":89,"loc":{"start":{"line":89,"column":4},"end":{"line":93,"column":4}}},"7":{"name":"_getOwnerOffer","line":94,"loc":{"start":{"line":94,"column":4},"end":{"line":98,"column":4}}},"8":{"name":"buyOffer","line":99,"loc":{"start":{"line":99,"column":4},"end":{"line":106,"column":4}}},"9":{"name":"_buyOffer","line":107,"loc":{"start":{"line":107,"column":4},"end":{"line":119,"column":4}}},"10":{"name":"safePlaceBid","line":121,"loc":{"start":{"line":121,"column":2},"end":{"line":129,"column":2}}},"11":{"name":"setOwnerShare","line":133,"loc":{"start":{"line":130,"column":2},"end":{"line":136,"column":2}}},"12":{"name":"_createBid","line":138,"loc":{"start":{"line":138,"column":2},"end":{"line":185,"column":2}}},"13":{"name":"cancelBid","line":186,"loc":{"start":{"line":186,"column":1},"end":{"line":197,"column":2}}},"14":{"name":"acceptBid","line":199,"loc":{"start":{"line":199,"column":2},"end":{"line":230,"column":2}}},"15":{"name":"onERC721Received","line":231,"loc":{"start":{"line":231,"column":2},"end":{"line":233,"column":4}}}},"statementMap":{"1":{"start":{"line":16,"column":6},"end":{"line":16,"column":18}},"2":{"start":{"line":17,"column":6},"end":{"line":17,"column":18}},"3":{"start":{"line":18,"column":6},"end":{"line":18,"column":18}},"4":{"start":{"line":19,"column":6},"end":{"line":19,"column":18}},"5":{"start":{"line":20,"column":6},"end":{"line":20,"column":18}},"6":{"start":{"line":36,"column":8},"end":{"line":36,"column":59}},"7":{"start":{"line":37,"column":8},"end":{"line":37,"column":95}},"8":{"start":{"line":38,"column":8},"end":{"line":38,"column":72}},"9":{"start":{"line":39,"column":8},"end":{"line":39,"column":100}},"10":{"start":{"line":41,"column":8},"end":{"line":41,"column":1445}},"11":{"start":{"line":51,"column":8},"end":{"line":51,"column":1664}},"12":{"start":{"line":64,"column":8},"end":{"line":64,"column":71}},"13":{"start":{"line":65,"column":8},"end":{"line":65,"column":65}},"14":{"start":{"line":66,"column":8},"end":{"line":66,"column":19}},"15":{"start":{"line":69,"column":8},"end":{"line":69,"column":65}},"16":{"start":{"line":70,"column":8},"end":{"line":70,"column":26}},"17":{"start":{"line":71,"column":8},"end":{"line":71,"column":19}},"18":{"start":{"line":74,"column":8},"end":{"line":74,"column":65}},"19":{"start":{"line":75,"column":8},"end":{"line":75,"column":58}},"20":{"start":{"line":76,"column":8},"end":{"line":76,"column":34}},"21":{"start":{"line":77,"column":8},"end":{"line":77,"column":2621}},"22":{"start":{"line":78,"column":10},"end":{"line":78,"column":77}},"23":{"start":{"line":80,"column":10},"end":{"line":80,"column":77}},"24":{"start":{"line":82,"column":8},"end":{"line":82,"column":19}},"25":{"start":{"line":85,"column":8},"end":{"line":85,"column":65}},"26":{"start":{"line":86,"column":8},"end":{"line":86,"column":40}},"27":{"start":{"line":87,"column":8},"end":{"line":87,"column":19}},"28":{"start":{"line":90,"column":8},"end":{"line":90,"column":65}},"29":{"start":{"line":91,"column":8},"end":{"line":91,"column":34}},"30":{"start":{"line":92,"column":8},"end":{"line":92,"column":19}},"31":{"start":{"line":95,"column":8},"end":{"line":95,"column":57}},"32":{"start":{"line":96,"column":8},"end":{"line":96,"column":74}},"33":{"start":{"line":97,"column":8},"end":{"line":97,"column":20}},"34":{"start":{"line":100,"column":8},"end":{"line":100,"column":57}},"35":{"start":{"line":101,"column":8},"end":{"line":101,"column":49}},"36":{"start":{"line":102,"column":8},"end":{"line":102,"column":53}},"37":{"start":{"line":103,"column":8},"end":{"line":103,"column":35}},"38":{"start":{"line":104,"column":8},"end":{"line":104,"column":80}},"39":{"start":{"line":105,"column":8},"end":{"line":105,"column":19}},"40":{"start":{"line":108,"column":8},"end":{"line":108,"column":58}},"41":{"start":{"line":109,"column":8},"end":{"line":109,"column":78}},"42":{"start":{"line":110,"column":8},"end":{"line":110,"column":55}},"43":{"start":{"line":111,"column":8},"end":{"line":111,"column":34}},"44":{"start":{"line":112,"column":8},"end":{"line":112,"column":4329}},"45":{"start":{"line":113,"column":12},"end":{"line":113,"column":61}},"46":{"start":{"line":114,"column":12},"end":{"line":114,"column":68}},"47":{"start":{"line":115,"column":12},"end":{"line":115,"column":48}},"48":{"start":{"line":116,"column":12},"end":{"line":116,"column":53}},"49":{"start":{"line":117,"column":12},"end":{"line":117,"column":81}},"50":{"start":{"line":128,"column":4},"end":{"line":128,"column":64}},"51":{"start":{"line":134,"column":4},"end":{"line":134,"column":89}},"52":{"start":{"line":135,"column":4},"end":{"line":135,"column":27}},"53":{"start":{"line":146,"column":4},"end":{"line":146,"column":54}},"54":{"start":{"line":148,"column":4},"end":{"line":148,"column":5378}},"55":{"start":{"line":149,"column":6},"end":{"line":149,"column":33}},"56":{"start":{"line":152,"column":4},"end":{"line":152,"column":72}},"57":{"start":{"line":153,"column":4},"end":{"line":153,"column":46}},"58":{"start":{"line":154,"column":4},"end":{"line":154,"column":71}},"59":{"start":{"line":155,"column":4},"end":{"line":155,"column":113}},"60":{"start":{"line":157,"column":4},"end":{"line":157,"column":5840}},"61":{"start":{"line":168,"column":4},"end":{"line":168,"column":6040}},"62":{"start":{"line":176,"column":4},"end":{"line":176,"column":6228}},"63":{"start":{"line":191,"column":4},"end":{"line":191,"column":55}},"64":{"start":{"line":192,"column":4},"end":{"line":192,"column":125}},"65":{"start":{"line":193,"column":4},"end":{"line":193,"column":72}},"66":{"start":{"line":195,"column":4},"end":{"line":195,"column":29}},"67":{"start":{"line":196,"column":4},"end":{"line":196,"column":15}},"68":{"start":{"line":205,"column":4},"end":{"line":205,"column":54}},"69":{"start":{"line":207,"column":4},"end":{"line":207,"column":67}},"70":{"start":{"line":210,"column":4},"end":{"line":210,"column":72}},"71":{"start":{"line":211,"column":4},"end":{"line":211,"column":51}},"72":{"start":{"line":213,"column":4},"end":{"line":213,"column":76}},"73":{"start":{"line":214,"column":4},"end":{"line":214,"column":67}},"74":{"start":{"line":217,"column":4},"end":{"line":217,"column":76}},"75":{"start":{"line":220,"column":4},"end":{"line":220,"column":28}},"76":{"start":{"line":222,"column":4},"end":{"line":222,"column":73}},"77":{"start":{"line":223,"column":4},"end":{"line":223,"column":67}},"78":{"start":{"line":227,"column":4},"end":{"line":227,"column":77}},"79":{"start":{"line":229,"column":4},"end":{"line":229,"column":79}},"80":{"start":{"line":232,"column":8},"end":{"line":232,"column":45}}},"branchMap":{"1":{"line":37,"type":"if","locations":[{"start":{"line":37,"column":8},"end":{"line":37,"column":8}},{"start":{"line":37,"column":8},"end":{"line":37,"column":8}}]},"2":{"line":38,"type":"if","locations":[{"start":{"line":38,"column":8},"end":{"line":38,"column":8}},{"start":{"line":38,"column":8},"end":{"line":38,"column":8}}]},"3":{"line":39,"type":"if","locations":[{"start":{"line":39,"column":8},"end":{"line":39,"column":8}},{"start":{"line":39,"column":8},"end":{"line":39,"column":8}}]},"4":{"line":77,"type":"if","locations":[{"start":{"line":77,"column":8},"end":{"line":77,"column":8}},{"start":{"line":77,"column":8},"end":{"line":77,"column":8}}]},"5":{"line":96,"type":"if","locations":[{"start":{"line":96,"column":8},"end":{"line":96,"column":8}},{"start":{"line":96,"column":8},"end":{"line":96,"column":8}}]},"6":{"line":101,"type":"if","locations":[{"start":{"line":101,"column":8},"end":{"line":101,"column":8}},{"start":{"line":101,"column":8},"end":{"line":101,"column":8}}]},"7":{"line":102,"type":"if","locations":[{"start":{"line":102,"column":8},"end":{"line":102,"column":8}},{"start":{"line":102,"column":8},"end":{"line":102,"column":8}}]},"8":{"line":112,"type":"if","locations":[{"start":{"line":112,"column":8},"end":{"line":112,"column":8}},{"start":{"line":112,"column":8},"end":{"line":112,"column":8}}]},"9":{"line":115,"type":"if","locations":[{"start":{"line":115,"column":12},"end":{"line":115,"column":12}},{"start":{"line":115,"column":12},"end":{"line":115,"column":12}}]},"10":{"line":116,"type":"if","locations":[{"start":{"line":116,"column":12},"end":{"line":116,"column":12}},{"start":{"line":116,"column":12},"end":{"line":116,"column":12}}]},"11":{"line":134,"type":"if","locations":[{"start":{"line":134,"column":4},"end":{"line":134,"column":4}},{"start":{"line":134,"column":4},"end":{"line":134,"column":4}}]},"12":{"line":148,"type":"if","locations":[{"start":{"line":148,"column":4},"end":{"line":148,"column":4}},{"start":{"line":148,"column":4},"end":{"line":148,"column":4}}]},"13":{"line":153,"type":"if","locations":[{"start":{"line":153,"column":4},"end":{"line":153,"column":4}},{"start":{"line":153,"column":4},"end":{"line":153,"column":4}}]},"14":{"line":154,"type":"if","locations":[{"start":{"line":154,"column":4},"end":{"line":154,"column":4}},{"start":{"line":154,"column":4},"end":{"line":154,"column":4}}]},"15":{"line":155,"type":"if","locations":[{"start":{"line":155,"column":4},"end":{"line":155,"column":4}},{"start":{"line":155,"column":4},"end":{"line":155,"column":4}}]},"16":{"line":192,"type":"if","locations":[{"start":{"line":192,"column":4},"end":{"line":192,"column":4}},{"start":{"line":192,"column":4},"end":{"line":192,"column":4}}]},"17":{"line":213,"type":"if","locations":[{"start":{"line":213,"column":4},"end":{"line":213,"column":4}},{"start":{"line":213,"column":4},"end":{"line":213,"column":4}}]},"18":{"line":214,"type":"if","locations":[{"start":{"line":214,"column":4},"end":{"line":214,"column":4}},{"start":{"line":214,"column":4},"end":{"line":214,"column":4}}]},"19":{"line":217,"type":"if","locations":[{"start":{"line":217,"column":4},"end":{"line":217,"column":4}},{"start":{"line":217,"column":4},"end":{"line":217,"column":4}}]}}},"contracts/MoonrayReverseExchange.sol":{"l":{"28":0,"29":0,"30":0,"31":0,"33":0,"34":0,"44":0,"56":0,"57":0,"58":0,"61":0,"62":0,"63":0,"66":0,"67":0,"68":0,"69":0,"70":0,"72":0,"74":0,"77":0,"78":0,"79":0,"82":0,"83":0,"84":0,"87":0,"88":0,"89":0,"97":0,"102":0,"111":0,"113":0,"114":0,"117":0,"118":0,"119":0,"121":0,"131":0,"137":0,"150":0,"151":0,"152":0,"153":0,"154":0,"155":0,"164":0,"166":0,"169":0,"170":0,"172":0,"173":0,"176":0,"178":0,"179":0,"181":0,"182":0,"184":0,"186":0,"188":0},"path":"/Users/mac/Desktop/blockchain-projects/bestvictor/moonray-nft-marketplace/audited_smart_contracts/moonray-smartcontract/moonray-exchange/contracts/MoonrayReverseExchange.sol","s":{"1":0,"2":0,"3":0,"4":0,"5":0,"6":0,"7":0,"8":0,"9":0,"10":0,"11":0,"12":0,"13":0,"14":0,"15":0,"16":0,"17":0,"18":0,"19":0,"20":0,"21":0,"22":0,"23":0,"24":0,"25":0,"26":0,"27":0,"28":0,"29":0,"30":0,"31":0,"32":0,"33":0,"34":0,"35":0,"36":0,"37":0,"38":0,"39":0,"40":0,"41":0,"42":0,"43":0,"44":0,"45":0,"46":0,"47":0,"48":0,"49":0,"50":0,"51":0,"52":0,"53":0,"54":0,"55":0,"56":0,"57":0},"b":{"1":[0,0],"2":[0,0],"3":[0,0],"4":[0,0],"5":[0,0],"6":[0,0],"7":[0,0],"8":[0,0],"9":[0,0],"10":[0,0],"11":[0,0],"12":[0,0],"13":[0,0]},"f":{"1":0,"2":0,"3":0,"4":0,"5":0,"6":0,"7":0,"8":0,"9":0,"10":0,"11":0},"fnMap":{"1":{"name":"rvsAddOffer","line":15,"loc":{"start":{"line":15,"column":4},"end":{"line":59,"column":4}}},"2":{"name":"rvsSetOfferPrice","line":60,"loc":{"start":{"line":60,"column":4},"end":{"line":64,"column":4}}},"3":{"name":"rvsSetForSell","line":65,"loc":{"start":{"line":65,"column":4},"end":{"line":75,"column":4}}},"4":{"name":"rvsSetForAuction","line":76,"loc":{"start":{"line":76,"column":4},"end":{"line":80,"column":4}}},"5":{"name":"rvsSetExpiresAt","line":81,"loc":{"start":{"line":81,"column":4},"end":{"line":85,"column":4}}},"6":{"name":"_rvsGetOwnerOffer","line":86,"loc":{"start":{"line":86,"column":4},"end":{"line":90,"column":4}}},"7":{"name":"rvsSafePlaceBid","line":92,"loc":{"start":{"line":92,"column":2},"end":{"line":98,"column":2}}},"8":{"name":"rvsSetOwnerShare","line":101,"loc":{"start":{"line":99,"column":2},"end":{"line":103,"column":2}}},"9":{"name":"_rvsCreateBid","line":105,"loc":{"start":{"line":105,"column":2},"end":{"line":144,"column":2}}},"10":{"name":"rvsCancelBid","line":145,"loc":{"start":{"line":145,"column":1},"end":{"line":156,"column":2}}},"11":{"name":"rvsAcceptBid","line":158,"loc":{"start":{"line":158,"column":2},"end":{"line":189,"column":2}}}},"statementMap":{"1":{"start":{"line":28,"column":8},"end":{"line":28,"column":59}},"2":{"start":{"line":29,"column":8},"end":{"line":29,"column":95}},"3":{"start":{"line":30,"column":8},"end":{"line":30,"column":72}},"4":{"start":{"line":31,"column":8},"end":{"line":31,"column":100}},"5":{"start":{"line":33,"column":8},"end":{"line":33,"column":117}},"6":{"start":{"line":34,"column":8},"end":{"line":34,"column":1413}},"7":{"start":{"line":44,"column":8},"end":{"line":44,"column":1632}},"8":{"start":{"line":56,"column":8},"end":{"line":56,"column":71}},"9":{"start":{"line":57,"column":8},"end":{"line":57,"column":69}},"10":{"start":{"line":58,"column":8},"end":{"line":58,"column":19}},"11":{"start":{"line":61,"column":8},"end":{"line":61,"column":71}},"12":{"start":{"line":62,"column":8},"end":{"line":62,"column":26}},"13":{"start":{"line":63,"column":8},"end":{"line":63,"column":19}},"14":{"start":{"line":66,"column":8},"end":{"line":66,"column":71}},"15":{"start":{"line":67,"column":8},"end":{"line":67,"column":58}},"16":{"start":{"line":68,"column":8},"end":{"line":68,"column":34}},"17":{"start":{"line":69,"column":8},"end":{"line":69,"column":2594}},"18":{"start":{"line":70,"column":10},"end":{"line":70,"column":77}},"19":{"start":{"line":72,"column":10},"end":{"line":72,"column":77}},"20":{"start":{"line":74,"column":8},"end":{"line":74,"column":19}},"21":{"start":{"line":77,"column":8},"end":{"line":77,"column":71}},"22":{"start":{"line":78,"column":8},"end":{"line":78,"column":40}},"23":{"start":{"line":79,"column":8},"end":{"line":79,"column":19}},"24":{"start":{"line":82,"column":8},"end":{"line":82,"column":71}},"25":{"start":{"line":83,"column":8},"end":{"line":83,"column":34}},"26":{"start":{"line":84,"column":8},"end":{"line":84,"column":19}},"27":{"start":{"line":87,"column":8},"end":{"line":87,"column":63}},"28":{"start":{"line":88,"column":8},"end":{"line":88,"column":74}},"29":{"start":{"line":89,"column":8},"end":{"line":89,"column":20}},"30":{"start":{"line":97,"column":4},"end":{"line":97,"column":51}},"31":{"start":{"line":102,"column":4},"end":{"line":102,"column":27}},"32":{"start":{"line":111,"column":4},"end":{"line":111,"column":60}},"33":{"start":{"line":113,"column":4},"end":{"line":113,"column":4100}},"34":{"start":{"line":114,"column":6},"end":{"line":114,"column":33}},"35":{"start":{"line":117,"column":4},"end":{"line":117,"column":78}},"36":{"start":{"line":118,"column":4},"end":{"line":118,"column":46}},"37":{"start":{"line":119,"column":4},"end":{"line":119,"column":71}},"38":{"start":{"line":121,"column":4},"end":{"line":121,"column":4452}},"39":{"start":{"line":131,"column":4},"end":{"line":131,"column":4637}},"40":{"start":{"line":137,"column":4},"end":{"line":137,"column":4789}},"41":{"start":{"line":150,"column":4},"end":{"line":150,"column":55}},"42":{"start":{"line":151,"column":4},"end":{"line":151,"column":125}},"43":{"start":{"line":152,"column":4},"end":{"line":152,"column":78}},"44":{"start":{"line":154,"column":4},"end":{"line":154,"column":32}},"45":{"start":{"line":155,"column":4},"end":{"line":155,"column":15}},"46":{"start":{"line":164,"column":4},"end":{"line":164,"column":60}},"47":{"start":{"line":166,"column":4},"end":{"line":166,"column":73}},"48":{"start":{"line":169,"column":4},"end":{"line":169,"column":63}},"49":{"start":{"line":170,"column":4},"end":{"line":170,"column":53}},"50":{"start":{"line":172,"column":4},"end":{"line":172,"column":76}},"51":{"start":{"line":173,"column":4},"end":{"line":173,"column":67}},"52":{"start":{"line":176,"column":4},"end":{"line":176,"column":76}},"53":{"start":{"line":179,"column":4},"end":{"line":179,"column":31}},"54":{"start":{"line":181,"column":4},"end":{"line":181,"column":75}},"55":{"start":{"line":182,"column":4},"end":{"line":182,"column":71}},"56":{"start":{"line":186,"column":4},"end":{"line":186,"column":77}},"57":{"start":{"line":188,"column":4},"end":{"line":188,"column":60}}},"branchMap":{"1":{"line":29,"type":"if","locations":[{"start":{"line":29,"column":8},"end":{"line":29,"column":8}},{"start":{"line":29,"column":8},"end":{"line":29,"column":8}}]},"2":{"line":30,"type":"if","locations":[{"start":{"line":30,"column":8},"end":{"line":30,"column":8}},{"start":{"line":30,"column":8},"end":{"line":30,"column":8}}]},"3":{"line":31,"type":"if","locations":[{"start":{"line":31,"column":8},"end":{"line":31,"column":8}},{"start":{"line":31,"column":8},"end":{"line":31,"column":8}}]},"4":{"line":33,"type":"if","locations":[{"start":{"line":33,"column":8},"end":{"line":33,"column":8}},{"start":{"line":33,"column":8},"end":{"line":33,"column":8}}]},"5":{"line":69,"type":"if","locations":[{"start":{"line":69,"column":8},"end":{"line":69,"column":8}},{"start":{"line":69,"column":8},"end":{"line":69,"column":8}}]},"6":{"line":88,"type":"if","locations":[{"start":{"line":88,"column":8},"end":{"line":88,"column":8}},{"start":{"line":88,"column":8},"end":{"line":88,"column":8}}]},"7":{"line":113,"type":"if","locations":[{"start":{"line":113,"column":4},"end":{"line":113,"column":4}},{"start":{"line":113,"column":4},"end":{"line":113,"column":4}}]},"8":{"line":118,"type":"if","locations":[{"start":{"line":118,"column":4},"end":{"line":118,"column":4}},{"start":{"line":118,"column":4},"end":{"line":118,"column":4}}]},"9":{"line":119,"type":"if","locations":[{"start":{"line":119,"column":4},"end":{"line":119,"column":4}},{"start":{"line":119,"column":4},"end":{"line":119,"column":4}}]},"10":{"line":151,"type":"if","locations":[{"start":{"line":151,"column":4},"end":{"line":151,"column":4}},{"start":{"line":151,"column":4},"end":{"line":151,"column":4}}]},"11":{"line":172,"type":"if","locations":[{"start":{"line":172,"column":4},"end":{"line":172,"column":4}},{"start":{"line":172,"column":4},"end":{"line":172,"column":4}}]},"12":{"line":173,"type":"if","locations":[{"start":{"line":173,"column":4},"end":{"line":173,"column":4}},{"start":{"line":173,"column":4},"end":{"line":173,"column":4}}]},"13":{"line":176,"type":"if","locations":[{"start":{"line":176,"column":4},"end":{"line":176,"column":4}},{"start":{"line":176,"column":4},"end":{"line":176,"column":4}}]}}},"contracts/moonrayExchange.sol":{"l":{"23":0,"24":0,"25":0,"26":0,"27":0,"43":0,"44":0,"48":0,"49":0,"54":0,"63":0,"76":0,"77":0,"78":0,"86":0,"87":0,"88":0,"96":0,"97":0,"98":0,"99":0,"100":0,"106":0,"112":0,"120":0,"121":0,"122":0,"130":0,"131":0,"132":0,"140":0,"141":0,"142":0,"150":0,"151":0,"152":0,"153":0,"154":0,"161":0,"165":0,"166":0,"167":0,"168":0,"169":0,"170":0,"174":0,"175":0,"176":0,"177":0,"178":0,"190":0,"194":0,"195":0,"196":0,"207":0,"209":0,"210":0,"213":0,"214":0,"215":0,"216":0,"221":0,"226":0,"234":0,"250":0,"251":0,"256":0,"257":0,"258":0,"259":0,"268":0,"270":0,"273":0,"274":0,"276":0,"280":0,"282":0,"287":0,"288":0,"290":0,"291":0,"293":0,"295":0,"301":0,"316":0},"path":"/Users/mac/Desktop/blockchain-projects/bestvictor/moonray-nft-marketplace/audited_smart_contracts/moonray-smartcontract/moonray-exchange/contracts/moonrayExchange.sol","s":{"1":0,"2":0,"3":0,"4":0,"5":0,"6":0,"7":0,"8":0,"9":0,"10":0,"11":0,"12":0,"13":0,"14":0,"15":0,"16":0,"17":0,"18":0,"19":0,"20":0,"21":0,"22":0,"23":0,"24":0,"25":0,"26":0,"27":0,"28":0,"29":0,"30":0,"31":0,"32":0,"33":0,"34":0,"35":0,"36":0,"37":0,"38":0,"39":0,"40":0,"41":0,"42":0,"43":0,"44":0,"45":0,"46":0,"47":0,"48":0,"49":0,"50":0,"51":0,"52":0,"53":0,"54":0,"55":0,"56":0,"57":0,"58":0,"59":0,"60":0,"61":0,"62":0,"63":0,"64":0,"65":0,"66":0,"67":0,"68":0,"69":0,"70":0,"71":0,"72":0,"73":0,"74":0,"75":0,"76":0,"77":0,"78":0,"79":0,"80":0,"81":0,"82":0},"b":{"1":[0,0],"2":[0,0],"3":[0,0],"4":[0,0],"5":[0,0],"6":[0,0],"7":[0,0],"8":[0,0],"9":[0,0],"10":[0,0],"11":[0,0],"12":[0,0],"13":[0,0],"14":[0,0],"15":[0,0],"16":[0,0],"17":[0,0],"18":[0,0],"19":[0,0],"20":[0,0]},"f":{"1":0,"2":0,"3":0,"4":0,"5":0,"6":0,"7":0,"8":0,"9":0,"10":0,"11":0,"12":0,"13":0,"14":0,"15":0},"fnMap":{"1":{"name":"constructor","line":22,"loc":{"start":{"line":22,"column":4},"end":{"line":28,"column":4}}},"2":{"name":"addOffer","line":30,"loc":{"start":{"line":30,"column":4},"end":{"line":79,"column":4}}},"3":{"name":"setOfferPrice","line":81,"loc":{"start":{"line":81,"column":4},"end":{"line":89,"column":4}}},"4":{"name":"setForSell","line":91,"loc":{"start":{"line":91,"column":4},"end":{"line":113,"column":4}}},"5":{"name":"setForAuction","line":115,"loc":{"start":{"line":115,"column":4},"end":{"line":123,"column":4}}},"6":{"name":"setExpiresAt","line":125,"loc":{"start":{"line":125,"column":4},"end":{"line":133,"column":4}}},"7":{"name":"_getOwnerOffer","line":135,"loc":{"start":{"line":135,"column":4},"end":{"line":143,"column":4}}},"8":{"name":"buyOffer","line":145,"loc":{"start":{"line":145,"column":4},"end":{"line":162,"column":4}}},"9":{"name":"_buyOffer","line":164,"loc":{"start":{"line":164,"column":4},"end":{"line":181,"column":4}}},"10":{"name":"safePlaceBid","line":183,"loc":{"start":{"line":183,"column":4},"end":{"line":191,"column":4}}},"11":{"name":"setOwnerShare","line":193,"loc":{"start":{"line":193,"column":4},"end":{"line":197,"column":4}}},"12":{"name":"_createBid","line":199,"loc":{"start":{"line":199,"column":4},"end":{"line":243,"column":4}}},"13":{"name":"cancelBid","line":245,"loc":{"start":{"line":245,"column":4},"end":{"line":260,"column":4}}},"14":{"name":"acceptBid","line":262,"loc":{"start":{"line":262,"column":4},"end":{"line":308,"column":4}}},"15":{"name":"onERC721Received","line":310,"loc":{"start":{"line":310,"column":4},"end":{"line":317,"column":4}}}},"statementMap":{"1":{"start":{"line":23,"column":8},"end":{"line":23,"column":20}},"2":{"start":{"line":24,"column":8},"end":{"line":24,"column":20}},"3":{"start":{"line":25,"column":8},"end":{"line":25,"column":20}},"4":{"start":{"line":26,"column":8},"end":{"line":26,"column":20}},"5":{"start":{"line":27,"column":8},"end":{"line":27,"column":20}},"6":{"start":{"line":43,"column":8},"end":{"line":43,"column":59}},"7":{"start":{"line":44,"column":8},"end":{"line":44,"column":1158}},"8":{"start":{"line":48,"column":8},"end":{"line":48,"column":72}},"9":{"start":{"line":49,"column":8},"end":{"line":49,"column":1365}},"10":{"start":{"line":54,"column":8},"end":{"line":54,"column":1525}},"11":{"start":{"line":63,"column":8},"end":{"line":63,"column":1760}},"12":{"start":{"line":76,"column":8},"end":{"line":76,"column":71}},"13":{"start":{"line":77,"column":8},"end":{"line":77,"column":66}},"14":{"start":{"line":78,"column":8},"end":{"line":78,"column":19}},"15":{"start":{"line":86,"column":8},"end":{"line":86,"column":65}},"16":{"start":{"line":87,"column":8},"end":{"line":87,"column":26}},"17":{"start":{"line":88,"column":8},"end":{"line":88,"column":19}},"18":{"start":{"line":96,"column":8},"end":{"line":96,"column":65}},"19":{"start":{"line":97,"column":8},"end":{"line":97,"column":58}},"20":{"start":{"line":98,"column":8},"end":{"line":98,"column":34}},"21":{"start":{"line":99,"column":8},"end":{"line":99,"column":2788}},"22":{"start":{"line":100,"column":12},"end":{"line":100,"column":2822}},"23":{"start":{"line":106,"column":12},"end":{"line":106,"column":2983}},"24":{"start":{"line":112,"column":8},"end":{"line":112,"column":19}},"25":{"start":{"line":120,"column":8},"end":{"line":120,"column":65}},"26":{"start":{"line":121,"column":8},"end":{"line":121,"column":40}},"27":{"start":{"line":122,"column":8},"end":{"line":122,"column":19}},"28":{"start":{"line":130,"column":8},"end":{"line":130,"column":65}},"29":{"start":{"line":131,"column":8},"end":{"line":131,"column":34}},"30":{"start":{"line":132,"column":8},"end":{"line":132,"column":19}},"31":{"start":{"line":140,"column":8},"end":{"line":140,"column":57}},"32":{"start":{"line":141,"column":8},"end":{"line":141,"column":74}},"33":{"start":{"line":142,"column":8},"end":{"line":142,"column":20}},"34":{"start":{"line":150,"column":8},"end":{"line":150,"column":57}},"35":{"start":{"line":151,"column":8},"end":{"line":151,"column":49}},"36":{"start":{"line":152,"column":8},"end":{"line":152,"column":53}},"37":{"start":{"line":153,"column":8},"end":{"line":153,"column":35}},"38":{"start":{"line":154,"column":8},"end":{"line":154,"column":4337}},"39":{"start":{"line":161,"column":8},"end":{"line":161,"column":19}},"40":{"start":{"line":165,"column":8},"end":{"line":165,"column":58}},"41":{"start":{"line":166,"column":8},"end":{"line":166,"column":79}},"42":{"start":{"line":167,"column":8},"end":{"line":167,"column":58}},"43":{"start":{"line":168,"column":8},"end":{"line":168,"column":34}},"44":{"start":{"line":169,"column":8},"end":{"line":169,"column":4828}},"45":{"start":{"line":170,"column":12},"end":{"line":170,"column":4865}},"46":{"start":{"line":174,"column":12},"end":{"line":174,"column":61}},"47":{"start":{"line":175,"column":12},"end":{"line":175,"column":68}},"48":{"start":{"line":176,"column":12},"end":{"line":176,"column":48}},"49":{"start":{"line":177,"column":12},"end":{"line":177,"column":53}},"50":{"start":{"line":178,"column":12},"end":{"line":178,"column":81}},"51":{"start":{"line":190,"column":8},"end":{"line":190,"column":68}},"52":{"start":{"line":194,"column":8},"end":{"line":194,"column":70}},"53":{"start":{"line":195,"column":8},"end":{"line":195,"column":31}},"54":{"start":{"line":196,"column":8},"end":{"line":196,"column":43}},"55":{"start":{"line":207,"column":8},"end":{"line":207,"column":58}},"56":{"start":{"line":209,"column":8},"end":{"line":209,"column":6134}},"57":{"start":{"line":210,"column":12},"end":{"line":210,"column":39}},"58":{"start":{"line":213,"column":8},"end":{"line":213,"column":76}},"59":{"start":{"line":214,"column":8},"end":{"line":214,"column":49}},"60":{"start":{"line":215,"column":8},"end":{"line":215,"column":76}},"61":{"start":{"line":216,"column":8},"end":{"line":216,"column":6487}},"62":{"start":{"line":221,"column":8},"end":{"line":221,"column":6662}},"63":{"start":{"line":226,"column":8},"end":{"line":226,"column":6822}},"64":{"start":{"line":234,"column":8},"end":{"line":234,"column":7048}},"65":{"start":{"line":250,"column":8},"end":{"line":250,"column":59}},"66":{"start":{"line":251,"column":8},"end":{"line":251,"column":7451}},"67":{"start":{"line":256,"column":8},"end":{"line":256,"column":76}},"68":{"start":{"line":258,"column":8},"end":{"line":258,"column":33}},"69":{"start":{"line":259,"column":8},"end":{"line":259,"column":19}},"70":{"start":{"line":268,"column":8},"end":{"line":268,"column":58}},"71":{"start":{"line":270,"column":8},"end":{"line":270,"column":71}},"72":{"start":{"line":273,"column":8},"end":{"line":273,"column":79}},"73":{"start":{"line":274,"column":8},"end":{"line":274,"column":58}},"74":{"start":{"line":276,"column":8},"end":{"line":276,"column":8333}},"75":{"start":{"line":280,"column":8},"end":{"line":280,"column":71}},"76":{"start":{"line":282,"column":8},"end":{"line":282,"column":8525}},"77":{"start":{"line":288,"column":8},"end":{"line":288,"column":32}},"78":{"start":{"line":290,"column":8},"end":{"line":290,"column":77}},"79":{"start":{"line":291,"column":8},"end":{"line":291,"column":70}},"80":{"start":{"line":295,"column":8},"end":{"line":295,"column":9037}},"81":{"start":{"line":301,"column":8},"end":{"line":301,"column":9189}},"82":{"start":{"line":316,"column":8},"end":{"line":316,"column":45}}},"branchMap":{"1":{"line":44,"type":"if","locations":[{"start":{"line":44,"column":8},"end":{"line":44,"column":8}},{"start":{"line":44,"column":8},"end":{"line":44,"column":8}}]},"2":{"line":48,"type":"if","locations":[{"start":{"line":48,"column":8},"end":{"line":48,"column":8}},{"start":{"line":48,"column":8},"end":{"line":48,"column":8}}]},"3":{"line":49,"type":"if","locations":[{"start":{"line":49,"column":8},"end":{"line":49,"column":8}},{"start":{"line":49,"column":8},"end":{"line":49,"column":8}}]},"4":{"line":99,"type":"if","locations":[{"start":{"line":99,"column":8},"end":{"line":99,"column":8}},{"start":{"line":99,"column":8},"end":{"line":99,"column":8}}]},"5":{"line":141,"type":"if","locations":[{"start":{"line":141,"column":8},"end":{"line":141,"column":8}},{"start":{"line":141,"column":8},"end":{"line":141,"column":8}}]},"6":{"line":151,"type":"if","locations":[{"start":{"line":151,"column":8},"end":{"line":151,"column":8}},{"start":{"line":151,"column":8},"end":{"line":151,"column":8}}]},"7":{"line":152,"type":"if","locations":[{"start":{"line":152,"column":8},"end":{"line":152,"column":8}},{"start":{"line":152,"column":8},"end":{"line":152,"column":8}}]},"8":{"line":169,"type":"if","locations":[{"start":{"line":169,"column":8},"end":{"line":169,"column":8}},{"start":{"line":169,"column":8},"end":{"line":169,"column":8}}]},"9":{"line":170,"type":"if","locations":[{"start":{"line":170,"column":12},"end":{"line":170,"column":12}},{"start":{"line":170,"column":12},"end":{"line":170,"column":12}}]},"10":{"line":176,"type":"if","locations":[{"start":{"line":176,"column":12},"end":{"line":176,"column":12}},{"start":{"line":176,"column":12},"end":{"line":176,"column":12}}]},"11":{"line":177,"type":"if","locations":[{"start":{"line":177,"column":12},"end":{"line":177,"column":12}},{"start":{"line":177,"column":12},"end":{"line":177,"column":12}}]},"12":{"line":194,"type":"if","locations":[{"start":{"line":194,"column":8},"end":{"line":194,"column":8}},{"start":{"line":194,"column":8},"end":{"line":194,"column":8}}]},"13":{"line":209,"type":"if","locations":[{"start":{"line":209,"column":8},"end":{"line":209,"column":8}},{"start":{"line":209,"column":8},"end":{"line":209,"column":8}}]},"14":{"line":214,"type":"if","locations":[{"start":{"line":214,"column":8},"end":{"line":214,"column":8}},{"start":{"line":214,"column":8},"end":{"line":214,"column":8}}]},"15":{"line":215,"type":"if","locations":[{"start":{"line":215,"column":8},"end":{"line":215,"column":8}},{"start":{"line":215,"column":8},"end":{"line":215,"column":8}}]},"16":{"line":216,"type":"if","locations":[{"start":{"line":216,"column":8},"end":{"line":216,"column":8}},{"start":{"line":216,"column":8},"end":{"line":216,"column":8}}]},"17":{"line":251,"type":"if","locations":[{"start":{"line":251,"column":8},"end":{"line":251,"column":8}},{"start":{"line":251,"column":8},"end":{"line":251,"column":8}}]},"18":{"line":276,"type":"if","locations":[{"start":{"line":276,"column":8},"end":{"line":276,"column":8}},{"start":{"line":276,"column":8},"end":{"line":276,"column":8}}]},"19":{"line":280,"type":"if","locations":[{"start":{"line":280,"column":8},"end":{"line":280,"column":8}},{"start":{"line":280,"column":8},"end":{"line":280,"column":8}}]},"20":{"line":282,"type":"if","locations":[{"start":{"line":282,"column":8},"end":{"line":282,"column":8}},{"start":{"line":282,"column":8},"end":{"line":282,"column":8}}]}}},"contracts/moonrayExchangeMultiple.sol":{"l":{"24":3,"25":3,"26":3,"27":3,"28":3,"58":0,"59":0,"64":0,"65":0,"70":0,"84":0,"85":0,"92":0,"93":0,"94":0,"101":0,"102":0,"103":0,"110":0,"111":0,"112":0,"119":0,"120":0,"121":0,"129":0,"130":0,"131":0,"139":0,"140":0,"141":0,"142":0,"143":0,"150":0,"154":0,"155":0,"156":0,"157":0,"158":0,"159":0,"160":0,"164":0,"165":0,"166":0,"167":0,"168":0,"180":0,"184":0,"185":0,"186":0,"197":0,"199":0,"200":0,"203":0,"204":0,"205":0,"206":0,"211":0,"216":0,"225":0,"241":0,"242":0,"247":0,"248":0,"249":0,"250":0,"258":0,"260":0,"263":0,"264":0,"266":0,"270":0,"272":0,"277":0,"278":0,"280":0,"281":0,"283":0,"285":0,"293":0,"309":0},"path":"/Users/mac/Desktop/blockchain-projects/bestvictor/moonray-nft-marketplace/audited_smart_contracts/moonray-smartcontract/moonray-exchange/contracts/moonrayExchangeMultiple.sol","s":{"1":3,"2":3,"3":3,"4":3,"5":3,"6":0,"7":0,"8":0,"9":0,"10":0,"11":0,"12":0,"13":0,"14":0,"15":0,"16":0,"17":0,"18":0,"19":0,"20":0,"21":0,"22":0,"23":0,"24":0,"25":0,"26":0,"27":0,"28":0,"29":0,"30":0,"31":0,"32":0,"33":0,"34":0,"35":0,"36":0,"37":0,"38":0,"39":0,"40":0,"41":0,"42":0,"43":0,"44":0,"45":0,"46":0,"47":0,"48":0,"49":0,"50":0,"51":0,"52":0,"53":0,"54":0,"55":0,"56":0,"57":0,"58":0,"59":0,"60":0,"61":0,"62":0,"63":0,"64":0,"65":0,"66":0,"67":0,"68":0,"69":0,"70":0,"71":0,"72":0,"73":0,"74":0,"75":0,"76":0,"77":0},"b":{"1":[0,0],"2":[0,0],"3":[0,0],"4":[0,0],"5":[0,0],"6":[0,0],"7":[0,0],"8":[0,0],"9":[0,0],"10":[0,0],"11":[0,0],"12":[0,0],"13":[0,0],"14":[0,0],"15":[0,0],"16":[0,0],"17":[0,0],"18":[0,0],"19":[0,0],"20":[0,0]},"f":{"1":3,"2":0,"3":0,"4":0,"5":0,"6":0,"7":0,"8":0,"9":0,"10":0,"11":0,"12":0,"13":0,"14":0,"15":0},"fnMap":{"1":{"name":"constructor","line":23,"loc":{"start":{"line":23,"column":4},"end":{"line":29,"column":4}}},"2":{"name":"addOffer","line":44,"loc":{"start":{"line":44,"column":4},"end":{"line":86,"column":4}}},"3":{"name":"setOfferPrice","line":88,"loc":{"start":{"line":88,"column":4},"end":{"line":95,"column":4}}},"4":{"name":"setForSell","line":97,"loc":{"start":{"line":97,"column":4},"end":{"line":104,"column":4}}},"5":{"name":"setForAuction","line":106,"loc":{"start":{"line":106,"column":4},"end":{"line":113,"column":4}}},"6":{"name":"setExpiresAt","line":115,"loc":{"start":{"line":115,"column":4},"end":{"line":122,"column":4}}},"7":{"name":"_getOwnerOffer","line":124,"loc":{"start":{"line":124,"column":4},"end":{"line":132,"column":4}}},"8":{"name":"buyOffer","line":134,"loc":{"start":{"line":134,"column":4},"end":{"line":151,"column":4}}},"9":{"name":"_buyOffer","line":153,"loc":{"start":{"line":153,"column":4},"end":{"line":171,"column":4}}},"10":{"name":"safePlaceBid","line":173,"loc":{"start":{"line":173,"column":4},"end":{"line":181,"column":4}}},"11":{"name":"setOwnerShare","line":183,"loc":{"start":{"line":183,"column":4},"end":{"line":187,"column":4}}},"12":{"name":"_createBid","line":189,"loc":{"start":{"line":189,"column":4},"end":{"line":235,"column":4}}},"13":{"name":"cancelBid","line":237,"loc":{"start":{"line":237,"column":4},"end":{"line":251,"column":4}}},"14":{"name":"acceptBid","line":253,"loc":{"start":{"line":253,"column":4},"end":{"line":301,"column":4}}},"15":{"name":"onERC721Received","line":303,"loc":{"start":{"line":303,"column":4},"end":{"line":310,"column":4}}}},"statementMap":{"1":{"start":{"line":24,"column":8},"end":{"line":24,"column":20}},"2":{"start":{"line":25,"column":8},"end":{"line":25,"column":20}},"3":{"start":{"line":26,"column":8},"end":{"line":26,"column":20}},"4":{"start":{"line":27,"column":8},"end":{"line":27,"column":20}},"5":{"start":{"line":28,"column":8},"end":{"line":28,"column":20}},"6":{"start":{"line":58,"column":8},"end":{"line":58,"column":76}},"7":{"start":{"line":59,"column":8},"end":{"line":59,"column":1769}},"8":{"start":{"line":64,"column":8},"end":{"line":64,"column":72}},"9":{"start":{"line":65,"column":7},"end":{"line":65,"column":1994}},"10":{"start":{"line":70,"column":8},"end":{"line":70,"column":2140}},"11":{"start":{"line":84,"column":8},"end":{"line":84,"column":69}},"12":{"start":{"line":85,"column":8},"end":{"line":85,"column":19}},"13":{"start":{"line":92,"column":8},"end":{"line":92,"column":48}},"14":{"start":{"line":93,"column":8},"end":{"line":93,"column":26}},"15":{"start":{"line":94,"column":8},"end":{"line":94,"column":19}},"16":{"start":{"line":101,"column":8},"end":{"line":101,"column":55}},"17":{"start":{"line":102,"column":8},"end":{"line":102,"column":34}},"18":{"start":{"line":103,"column":8},"end":{"line":103,"column":19}},"19":{"start":{"line":110,"column":8},"end":{"line":110,"column":55}},"20":{"start":{"line":111,"column":8},"end":{"line":111,"column":40}},"21":{"start":{"line":112,"column":8},"end":{"line":112,"column":19}},"22":{"start":{"line":119,"column":8},"end":{"line":119,"column":55}},"23":{"start":{"line":120,"column":8},"end":{"line":120,"column":34}},"24":{"start":{"line":121,"column":8},"end":{"line":121,"column":19}},"25":{"start":{"line":129,"column":8},"end":{"line":129,"column":40}},"26":{"start":{"line":130,"column":8},"end":{"line":130,"column":74}},"27":{"start":{"line":131,"column":8},"end":{"line":131,"column":20}},"28":{"start":{"line":139,"column":8},"end":{"line":139,"column":40}},"29":{"start":{"line":140,"column":8},"end":{"line":140,"column":49}},"30":{"start":{"line":141,"column":8},"end":{"line":141,"column":53}},"31":{"start":{"line":142,"column":8},"end":{"line":142,"column":49}},"32":{"start":{"line":143,"column":8},"end":{"line":143,"column":4076}},"33":{"start":{"line":150,"column":8},"end":{"line":150,"column":19}},"34":{"start":{"line":154,"column":8},"end":{"line":154,"column":75}},"35":{"start":{"line":155,"column":8},"end":{"line":155,"column":80}},"36":{"start":{"line":156,"column":8},"end":{"line":156,"column":79}},"37":{"start":{"line":157,"column":8},"end":{"line":157,"column":58}},"38":{"start":{"line":158,"column":8},"end":{"line":158,"column":34}},"39":{"start":{"line":159,"column":8},"end":{"line":159,"column":4695}},"40":{"start":{"line":160,"column":12},"end":{"line":160,"column":4732}},"41":{"start":{"line":164,"column":12},"end":{"line":164,"column":61}},"42":{"start":{"line":165,"column":12},"end":{"line":165,"column":68}},"43":{"start":{"line":166,"column":12},"end":{"line":166,"column":48}},"44":{"start":{"line":167,"column":12},"end":{"line":167,"column":53}},"45":{"start":{"line":168,"column":12},"end":{"line":168,"column":87}},"46":{"start":{"line":180,"column":8},"end":{"line":180,"column":64}},"47":{"start":{"line":184,"column":8},"end":{"line":184,"column":70}},"48":{"start":{"line":185,"column":8},"end":{"line":185,"column":31}},"49":{"start":{"line":186,"column":8},"end":{"line":186,"column":43}},"50":{"start":{"line":197,"column":8},"end":{"line":197,"column":44}},"51":{"start":{"line":199,"column":8},"end":{"line":199,"column":5980}},"52":{"start":{"line":200,"column":12},"end":{"line":200,"column":39}},"53":{"start":{"line":203,"column":8},"end":{"line":203,"column":62}},"54":{"start":{"line":204,"column":8},"end":{"line":204,"column":49}},"55":{"start":{"line":205,"column":8},"end":{"line":205,"column":76}},"56":{"start":{"line":206,"column":8},"end":{"line":206,"column":6319}},"57":{"start":{"line":211,"column":8},"end":{"line":211,"column":6494}},"58":{"start":{"line":216,"column":8},"end":{"line":216,"column":6654}},"59":{"start":{"line":225,"column":8},"end":{"line":225,"column":6895}},"60":{"start":{"line":241,"column":8},"end":{"line":241,"column":45}},"61":{"start":{"line":242,"column":8},"end":{"line":242,"column":7286}},"62":{"start":{"line":247,"column":8},"end":{"line":247,"column":63}},"63":{"start":{"line":249,"column":8},"end":{"line":249,"column":33}},"64":{"start":{"line":250,"column":8},"end":{"line":250,"column":19}},"65":{"start":{"line":258,"column":8},"end":{"line":258,"column":45}},"66":{"start":{"line":260,"column":8},"end":{"line":260,"column":58}},"67":{"start":{"line":263,"column":8},"end":{"line":263,"column":79}},"68":{"start":{"line":264,"column":8},"end":{"line":264,"column":58}},"69":{"start":{"line":266,"column":8},"end":{"line":266,"column":8066}},"70":{"start":{"line":270,"column":8},"end":{"line":270,"column":71}},"71":{"start":{"line":272,"column":8},"end":{"line":272,"column":8258}},"72":{"start":{"line":278,"column":8},"end":{"line":278,"column":32}},"73":{"start":{"line":280,"column":8},"end":{"line":280,"column":77}},"74":{"start":{"line":281,"column":8},"end":{"line":281,"column":70}},"75":{"start":{"line":285,"column":8},"end":{"line":285,"column":8744}},"76":{"start":{"line":293,"column":8},"end":{"line":293,"column":8957}},"77":{"start":{"line":309,"column":8},"end":{"line":309,"column":45}}},"branchMap":{"1":{"line":59,"type":"if","locations":[{"start":{"line":59,"column":8},"end":{"line":59,"column":8}},{"start":{"line":59,"column":8},"end":{"line":59,"column":8}}]},"2":{"line":64,"type":"if","locations":[{"start":{"line":64,"column":8},"end":{"line":64,"column":8}},{"start":{"line":64,"column":8},"end":{"line":64,"column":8}}]},"3":{"line":65,"type":"if","locations":[{"start":{"line":65,"column":7},"end":{"line":65,"column":7}},{"start":{"line":65,"column":7},"end":{"line":65,"column":7}}]},"4":{"line":130,"type":"if","locations":[{"start":{"line":130,"column":8},"end":{"line":130,"column":8}},{"start":{"line":130,"column":8},"end":{"line":130,"column":8}}]},"5":{"line":140,"type":"if","locations":[{"start":{"line":140,"column":8},"end":{"line":140,"column":8}},{"start":{"line":140,"column":8},"end":{"line":140,"column":8}}]},"6":{"line":141,"type":"if","locations":[{"start":{"line":141,"column":8},"end":{"line":141,"column":8}},{"start":{"line":141,"column":8},"end":{"line":141,"column":8}}]},"7":{"line":155,"type":"if","locations":[{"start":{"line":155,"column":8},"end":{"line":155,"column":8}},{"start":{"line":155,"column":8},"end":{"line":155,"column":8}}]},"8":{"line":159,"type":"if","locations":[{"start":{"line":159,"column":8},"end":{"line":159,"column":8}},{"start":{"line":159,"column":8},"end":{"line":159,"column":8}}]},"9":{"line":160,"type":"if","locations":[{"start":{"line":160,"column":12},"end":{"line":160,"column":12}},{"start":{"line":160,"column":12},"end":{"line":160,"column":12}}]},"10":{"line":166,"type":"if","locations":[{"start":{"line":166,"column":12},"end":{"line":166,"column":12}},{"start":{"line":166,"column":12},"end":{"line":166,"column":12}}]},"11":{"line":167,"type":"if","locations":[{"start":{"line":167,"column":12},"end":{"line":167,"column":12}},{"start":{"line":167,"column":12},"end":{"line":167,"column":12}}]},"12":{"line":184,"type":"if","locations":[{"start":{"line":184,"column":8},"end":{"line":184,"column":8}},{"start":{"line":184,"column":8},"end":{"line":184,"column":8}}]},"13":{"line":199,"type":"if","locations":[{"start":{"line":199,"column":8},"end":{"line":199,"column":8}},{"start":{"line":199,"column":8},"end":{"line":199,"column":8}}]},"14":{"line":204,"type":"if","locations":[{"start":{"line":204,"column":8},"end":{"line":204,"column":8}},{"start":{"line":204,"column":8},"end":{"line":204,"column":8}}]},"15":{"line":205,"type":"if","locations":[{"start":{"line":205,"column":8},"end":{"line":205,"column":8}},{"start":{"line":205,"column":8},"end":{"line":205,"column":8}}]},"16":{"line":206,"type":"if","locations":[{"start":{"line":206,"column":8},"end":{"line":206,"column":8}},{"start":{"line":206,"column":8},"end":{"line":206,"column":8}}]},"17":{"line":242,"type":"if","locations":[{"start":{"line":242,"column":8},"end":{"line":242,"column":8}},{"start":{"line":242,"column":8},"end":{"line":242,"column":8}}]},"18":{"line":266,"type":"if","locations":[{"start":{"line":266,"column":8},"end":{"line":266,"column":8}},{"start":{"line":266,"column":8},"end":{"line":266,"column":8}}]},"19":{"line":270,"type":"if","locations":[{"start":{"line":270,"column":8},"end":{"line":270,"column":8}},{"start":{"line":270,"column":8},"end":{"line":270,"column":8}}]},"20":{"line":272,"type":"if","locations":[{"start":{"line":272,"column":8},"end":{"line":272,"column":8}},{"start":{"line":272,"column":8},"end":{"line":272,"column":8}}]}}}}